# JRE version: Java(TM) SE Runtime Environment (8.0_131-b11) (build 1.8.0_131-b11)
# Java VM: Java HotSpot(TM) 64-Bit Server VM (25.131-b11 mixed mode linux-amd64 compressed oops)
Heap:
 PSYoungGen      total 121344K, used 21988K [0x000000076cb80000, 0x0000000775c00000, 0x00000007c0000000)
  eden space 100864K, 4% used [0x000000076cb80000,0x000000076d0200e0,0x0000000772e00000)
  from space 20480K, 84% used [0x0000000774800000,0x00000007758d8f58,0x0000000775c00000)
  to   space 23552K, 0% used [0x0000000772e00000,0x0000000772e00000,0x0000000774500000)
 ParOldGen       total 171008K, used 42411K [0x00000006c6200000, 0x00000006d0900000, 0x000000076cb80000)
  object space 171008K, 24% used [0x00000006c6200000,0x00000006c8b6af80,0x00000006d0900000)
 Metaspace       used 20629K, capacity 20898K, committed 21248K, reserved 1069056K
  class space    used 2432K, capacity 2520K, committed 2560K, reserved 1048576K
GC Heap History (10 events):
Event: 6.401 GC heap before
{Heap before GC invocations=8 (full 0):
 PSYoungGen      total 132608K, used 131428K [0x000000076cb80000, 0x0000000776e00000, 0x00000007c0000000)
  eden space 117248K, 99% used [0x000000076cb80000,0x0000000773d30f78,0x0000000773e00000)
  from space 15360K, 97% used [0x0000000774180000,0x0000000775028400,0x0000000775080000)
  to   space 24576K, 0% used [0x0000000775600000,0x0000000775600000,0x0000000776e00000)
 ParOldGen       total 171008K, used 41895K [0x00000006c6200000, 0x00000006d0900000, 0x000000076cb80000)
  object space 171008K, 24% used [0x00000006c6200000,0x00000006c8ae9d20,0x00000006d0900000)
 Metaspace       used 20528K, capacity 20770K, committed 20992K, reserved 1067008K
  class space    used 2432K, capacity 2520K, committed 2560K, reserved 1048576K
Event: 6.405 GC heap after
Heap after GC invocations=8 (full 0):
 PSYoungGen      total 133632K, used 15877K [0x000000076cb80000, 0x0000000776980000, 0x00000007c0000000)
  eden space 113664K, 0% used [0x000000076cb80000,0x000000076cb80000,0x0000000773a80000)
  from space 19968K, 79% used [0x0000000775600000,0x0000000776581440,0x0000000776980000)
  to   space 24064K, 0% used [0x0000000773a80000,0x0000000773a80000,0x0000000775200000)
 ParOldGen       total 171008K, used 41948K [0x00000006c6200000, 0x00000006d0900000, 0x000000076cb80000)
  object space 171008K, 24% used [0x00000006c6200000,0x00000006c8af72f0,0x00000006d0900000)
 Metaspace       used 20528K, capacity 20770K, committed 20992K, reserved 1067008K
  class space    used 2432K, capacity 2520K, committed 2560K, reserved 1048576K
}
Event: 7.069 GC heap before
{Heap before GC invocations=9 (full 0):
 PSYoungGen      total 133632K, used 129520K [0x000000076cb80000, 0x0000000776980000, 0x00000007c0000000)
  eden space 113664K, 99% used [0x000000076cb80000,0x0000000773a7ad38,0x0000000773a80000)
  from space 19968K, 79% used [0x0000000775600000,0x0000000776581440,0x0000000776980000)
  to   space 24064K, 0% used [0x0000000773a80000,0x0000000773a80000,0x0000000775200000)
 ParOldGen       total 171008K, used 41948K [0x00000006c6200000, 0x00000006d0900000, 0x000000076cb80000)
  object space 171008K, 24% used [0x00000006c6200000,0x00000006c8af72f0,0x00000006d0900000)
 Metaspace       used 20552K, capacity 20834K, committed 20992K, reserved 1067008K
  class space    used 2432K, capacity 2520K, committed 2560K, reserved 1048576K
Event: 7.075 GC heap after
Heap after GC invocations=9 (full 0):
 PSYoungGen      total 130560K, used 20116K [0x000000076cb80000, 0x0000000776900000, 0x00000007c0000000)
  eden space 110080K, 0% used [0x000000076cb80000,0x000000076cb80000,0x0000000773700000)
  from space 20480K, 98% used [0x0000000773a80000,0x0000000774e253d8,0x0000000774e80000)
  to   space 25600K, 0% used [0x0000000775000000,0x0000000775000000,0x0000000776900000)
 ParOldGen       total 171008K, used 42331K [0x00000006c6200000, 0x00000006d0900000, 0x000000076cb80000)
  object space 171008K, 24% used [0x00000006c6200000,0x00000006c8b56f80,0x00000006d0900000)
 Metaspace       used 20552K, capacity 20834K, committed 20992K, reserved 1067008K
  class space    used 2432K, capacity 2520K, committed 2560K, reserved 1048576K
}
Event: 7.763 GC heap before
{Heap before GC invocations=10 (full 0):
 PSYoungGen      total 130560K, used 130196K [0x000000076cb80000, 0x0000000776900000, 0x00000007c0000000)
  eden space 110080K, 100% used [0x000000076cb80000,0x0000000773700000,0x0000000773700000)
  from space 20480K, 98% used [0x0000000773a80000,0x0000000774e253d8,0x0000000774e80000)
  to   space 25600K, 0% used [0x0000000775000000,0x0000000775000000,0x0000000776900000)
 ParOldGen       total 171008K, used 42331K [0x00000006c6200000, 0x00000006d0900000, 0x000000076cb80000)
  object space 171008K, 24% used [0x00000006c6200000,0x00000006c8b56f80,0x00000006d0900000)
 Metaspace       used 20570K, capacity 20834K, committed 20992K, reserved 1067008K
  class space    used 2432K, capacity 2520K, committed 2560K, reserved 1048576K
Event: 7.766 GC heap after
Heap after GC invocations=10 (full 0):
 PSYoungGen      total 127488K, used 15749K [0x000000076cb80000, 0x0000000776400000, 0x00000007c0000000)
  eden space 107008K, 0% used [0x000000076cb80000,0x000000076cb80000,0x0000000773400000)
  from space 20480K, 76% used [0x0000000775000000,0x0000000775f61410,0x0000000776400000)
  to   space 24576K, 0% used [0x0000000773400000,0x0000000773400000,0x0000000774c00000)
 ParOldGen       total 171008K, used 42363K [0x00000006c6200000, 0x00000006d0900000, 0x000000076cb80000)
  object space 171008K, 24% used [0x00000006c6200000,0x00000006c8b5ef80,0x00000006d0900000)
 Metaspace       used 20570K, capacity 20834K, committed 20992K, reserved 1067008K
  class space    used 2432K, capacity 2520K, committed 2560K, reserved 1048576K
}
Event: 8.424 GC heap before
{Heap before GC invocations=11 (full 0):
 PSYoungGen      total 127488K, used 121986K [0x000000076cb80000, 0x0000000776400000, 0x00000007c0000000)
  eden space 107008K, 99% used [0x000000076cb80000,0x000000077333f4d0,0x0000000773400000)
  from space 20480K, 76% used [0x0000000775000000,0x0000000775f61410,0x0000000776400000)
  to   space 24576K, 0% used [0x0000000773400000,0x0000000773400000,0x0000000774c00000)
 ParOldGen       total 171008K, used 42363K [0x00000006c6200000, 0x00000006d0900000, 0x000000076cb80000)
  object space 171008K, 24% used [0x00000006c6200000,0x00000006c8b5ef80,0x00000006d0900000)
 Metaspace       used 20603K, capacity 20834K, committed 20992K, reserved 1067008K
  class space    used 2432K, capacity 2520K, committed 2560K, reserved 1048576K
Event: 8.427 GC heap after
Heap after GC invocations=11 (full 0):
 PSYoungGen      total 118784K, used 14657K [0x000000076cb80000, 0x0000000775f00000, 0x00000007c0000000)
  eden space 103936K, 0% used [0x000000076cb80000,0x000000076cb80000,0x0000000773100000)
  from space 14848K, 98% used [0x0000000773400000,0x0000000774250400,0x0000000774280000)
  to   space 23552K, 0% used [0x0000000774800000,0x0000000774800000,0x0000000775f00000)
 ParOldGen       total 171008K, used 42395K [0x00000006c6200000, 0x00000006d0900000, 0x000000076cb80000)
  object space 171008K, 24% used [0x00000006c6200000,0x00000006c8b66f80,0x00000006d0900000)
 Metaspace       used 20603K, capacity 20834K, committed 20992K, reserved 1067008K
  class space    used 2432K, capacity 2520K, committed 2560K, reserved 1048576K
}
Event: 9.101 GC heap before
{Heap before GC invocations=12 (full 0):
 PSYoungGen      total 118784K, used 118593K [0x000000076cb80000, 0x0000000775f00000, 0x00000007c0000000)
  eden space 103936K, 100% used [0x000000076cb80000,0x0000000773100000,0x0000000773100000)
  from space 14848K, 98% used [0x0000000773400000,0x0000000774250400,0x0000000774280000)
  to   space 23552K, 0% used [0x0000000774800000,0x0000000774800000,0x0000000775f00000)
 ParOldGen       total 171008K, used 42395K [0x00000006c6200000, 0x00000006d0900000, 0x000000076cb80000)
  object space 171008K, 24% used [0x00000006c6200000,0x00000006c8b66f80,0x00000006d0900000)
 Metaspace       used 20629K, capacity 20898K, committed 21248K, reserved 1069056K
  class space    used 2432K, capacity 2520K, committed 2560K, reserved 1048576K
Event: 9.105 GC heap after
Heap after GC invocations=12 (full 0):
 PSYoungGen      total 121344K, used 17251K [0x000000076cb80000, 0x0000000775c00000, 0x00000007c0000000)
  eden space 100864K, 0% used [0x000000076cb80000,0x000000076cb80000,0x0000000772e00000)
  from space 20480K, 84% used [0x0000000774800000,0x00000007758d8f58,0x0000000775c00000)
  to   space 23552K, 0% used [0x0000000772e00000,0x0000000772e00000,0x0000000774500000)
 ParOldGen       total 171008K, used 42411K [0x00000006c6200000, 0x00000006d0900000, 0x000000076cb80000)
  object space 171008K, 24% used [0x00000006c6200000,0x00000006c8b6af80,0x00000006d0900000)
 Metaspace       used 20629K, capacity 20898K, committed 21248K, reserved 1069056K
  class space    used 2432K, capacity 2520K, committed 2560K, reserved 1048576K
}

# JRE version: Java(TM) SE Runtime Environment (8.0_131-b11) (build 1.8.0_131-b11)
# Java VM: Java HotSpot(TM) 64-Bit Server VM (25.131-b11 mixed mode linux-amd64 compressed oops)
