# JRE version: Java(TM) SE Runtime Environment (8.0_131-b11) (build 1.8.0_131-b11)
# Java VM: Java HotSpot(TM) 64-Bit Server VM (25.131-b11 mixed mode linux-amd64 compressed oops)
Heap:
 PSYoungGen      total 121344K, used 18154K [0x000000076cb80000, 0x0000000775e00000, 0x00000007c0000000)
  eden space 103936K, 0% used [0x000000076cb80000,0x000000076cc610a0,0x0000000773100000)
  from space 17408K, 99% used [0x0000000773400000,0x00000007744d9ad8,0x0000000774500000)
  to   space 23040K, 0% used [0x0000000774780000,0x0000000774780000,0x0000000775e00000)
 ParOldGen       total 171008K, used 35930K [0x00000006c6200000, 0x00000006d0900000, 0x000000076cb80000)
  object space 171008K, 21% used [0x00000006c6200000,0x00000006c8516a38,0x00000006d0900000)
 Metaspace       used 20512K, capacity 20758K, committed 20992K, reserved 1067008K
  class space    used 2430K, capacity 2520K, committed 2560K, reserved 1048576K
GC Heap History (10 events):
Event: 5.946 GC heap before
{Heap before GC invocations=7 (full 0):
 PSYoungGen      total 143360K, used 139349K [0x000000076cb80000, 0x0000000777380000, 0x00000007c0000000)
  eden space 120832K, 99% used [0x000000076cb80000,0x00000007740db008,0x0000000774180000)
  from space 22528K, 85% used [0x0000000775d80000,0x000000077703a4c0,0x0000000777380000)
  to   space 25600K, 0% used [0x0000000774180000,0x0000000774180000,0x0000000775a80000)
 ParOldGen       total 171008K, used 32921K [0x00000006c6200000, 0x00000006d0900000, 0x000000076cb80000)
  object space 171008K, 19% used [0x00000006c6200000,0x00000006c82267c8,0x00000006d0900000)
 Metaspace       used 20393K, capacity 20630K, committed 20992K, reserved 1067008K
  class space    used 2430K, capacity 2520K, committed 2560K, reserved 1048576K
Event: 5.951 GC heap after
Heap after GC invocations=7 (full 0):
 PSYoungGen      total 132608K, used 14946K [0x000000076cb80000, 0x0000000776d00000, 0x00000007c0000000)
  eden space 117248K, 0% used [0x000000076cb80000,0x000000076cb80000,0x0000000773e00000)
  from space 15360K, 97% used [0x0000000774180000,0x0000000775018a00,0x0000000775080000)
  to   space 24064K, 0% used [0x0000000775580000,0x0000000775580000,0x0000000776d00000)
 ParOldGen       total 171008K, used 35778K [0x00000006c6200000, 0x00000006d0900000, 0x000000076cb80000)
  object space 171008K, 20% used [0x00000006c6200000,0x00000006c84f0a38,0x00000006d0900000)
 Metaspace       used 20393K, capacity 20630K, committed 20992K, reserved 1067008K
  class space    used 2430K, capacity 2520K, committed 2560K, reserved 1048576K
}
Event: 6.684 GC heap before
{Heap before GC invocations=8 (full 0):
 PSYoungGen      total 132608K, used 131324K [0x000000076cb80000, 0x0000000776d00000, 0x00000007c0000000)
  eden space 117248K, 99% used [0x000000076cb80000,0x0000000773d26670,0x0000000773e00000)
  from space 15360K, 97% used [0x0000000774180000,0x0000000775018a00,0x0000000775080000)
  to   space 24064K, 0% used [0x0000000775580000,0x0000000775580000,0x0000000776d00000)
 ParOldGen       total 171008K, used 35778K [0x00000006c6200000, 0x00000006d0900000, 0x000000076cb80000)
  object space 171008K, 20% used [0x00000006c6200000,0x00000006c84f0a38,0x00000006d0900000)
 Metaspace       used 20457K, capacity 20758K, committed 20992K, reserved 1067008K
  class space    used 2430K, capacity 2520K, committed 2560K, reserved 1048576K
Event: 6.688 GC heap after
Heap after GC invocations=8 (full 0):
 PSYoungGen      total 133120K, used 16410K [0x000000076cb80000, 0x0000000776880000, 0x00000007c0000000)
  eden space 113664K, 0% used [0x000000076cb80000,0x000000076cb80000,0x0000000773a80000)
  from space 19456K, 84% used [0x0000000775580000,0x0000000776586ad0,0x0000000776880000)
  to   space 23552K, 0% used [0x0000000773a80000,0x0000000773a80000,0x0000000775180000)
 ParOldGen       total 171008K, used 35818K [0x00000006c6200000, 0x00000006d0900000, 0x000000076cb80000)
  object space 171008K, 20% used [0x00000006c6200000,0x00000006c84faa38,0x00000006d0900000)
 Metaspace       used 20457K, capacity 20758K, committed 20992K, reserved 1067008K
  class space    used 2430K, capacity 2520K, committed 2560K, reserved 1048576K
}
Event: 7.384 GC heap before
{Heap before GC invocations=9 (full 0):
 PSYoungGen      total 133120K, used 129742K [0x000000076cb80000, 0x0000000776880000, 0x00000007c0000000)
  eden space 113664K, 99% used [0x000000076cb80000,0x0000000773a2cf88,0x0000000773a80000)
  from space 19456K, 84% used [0x0000000775580000,0x0000000776586ad0,0x0000000776880000)
  to   space 23552K, 0% used [0x0000000773a80000,0x0000000773a80000,0x0000000775180000)
 ParOldGen       total 171008K, used 35818K [0x00000006c6200000, 0x00000006d0900000, 0x000000076cb80000)
  object space 171008K, 20% used [0x00000006c6200000,0x00000006c84faa38,0x00000006d0900000)
 Metaspace       used 20472K, capacity 20758K, committed 20992K, reserved 1067008K
  class space    used 2430K, capacity 2520K, committed 2560K, reserved 1048576K
Event: 7.387 GC heap after
Heap after GC invocations=9 (full 0):
 PSYoungGen      total 126976K, used 16485K [0x000000076cb80000, 0x0000000776500000, 0x00000007c0000000)
  eden space 110080K, 0% used [0x000000076cb80000,0x000000076cb80000,0x0000000773700000)
  from space 16896K, 97% used [0x0000000773a80000,0x0000000774a99410,0x0000000774b00000)
  to   space 23552K, 0% used [0x0000000774e00000,0x0000000774e00000,0x0000000776500000)
 ParOldGen       total 171008K, used 35858K [0x00000006c6200000, 0x00000006d0900000, 0x000000076cb80000)
  object space 171008K, 20% used [0x00000006c6200000,0x00000006c8504a38,0x00000006d0900000)
 Metaspace       used 20472K, capacity 20758K, committed 20992K, reserved 1067008K
  class space    used 2430K, capacity 2520K, committed 2560K, reserved 1048576K
}
Event: 8.025 GC heap before
{Heap before GC invocations=10 (full 0):
 PSYoungGen      total 126976K, used 126550K [0x000000076cb80000, 0x0000000776500000, 0x00000007c0000000)
  eden space 110080K, 99% used [0x000000076cb80000,0x00000007736fc5a0,0x0000000773700000)
  from space 16896K, 97% used [0x0000000773a80000,0x0000000774a99410,0x0000000774b00000)
  to   space 23552K, 0% used [0x0000000774e00000,0x0000000774e00000,0x0000000776500000)
 ParOldGen       total 171008K, used 35858K [0x00000006c6200000, 0x00000006d0900000, 0x000000076cb80000)
  object space 171008K, 20% used [0x00000006c6200000,0x00000006c8504a38,0x00000006d0900000)
 Metaspace       used 20486K, capacity 20758K, committed 20992K, reserved 1067008K
  class space    used 2430K, capacity 2520K, committed 2560K, reserved 1048576K
Event: 8.029 GC heap after
Heap after GC invocations=10 (full 0):
 PSYoungGen      total 126464K, used 16425K [0x000000076cb80000, 0x0000000776100000, 0x00000007c0000000)
  eden space 107008K, 0% used [0x000000076cb80000,0x000000076cb80000,0x0000000773400000)
  from space 19456K, 84% used [0x0000000774e00000,0x0000000775e0a450,0x0000000776100000)
  to   space 23040K, 0% used [0x0000000773400000,0x0000000773400000,0x0000000774a80000)
 ParOldGen       total 171008K, used 35898K [0x00000006c6200000, 0x00000006d0900000, 0x000000076cb80000)
  object space 171008K, 20% used [0x00000006c6200000,0x00000006c850ea38,0x00000006d0900000)
 Metaspace       used 20486K, capacity 20758K, committed 20992K, reserved 1067008K
  class space    used 2430K, capacity 2520K, committed 2560K, reserved 1048576K
}
Event: 8.752 GC heap before
{Heap before GC invocations=11 (full 0):
 PSYoungGen      total 126464K, used 122967K [0x000000076cb80000, 0x0000000776100000, 0x00000007c0000000)
  eden space 107008K, 99% used [0x000000076cb80000,0x000000077338b9c0,0x0000000773400000)
  from space 19456K, 84% used [0x0000000774e00000,0x0000000775e0a450,0x0000000776100000)
  to   space 23040K, 0% used [0x0000000773400000,0x0000000773400000,0x0000000774a80000)
 ParOldGen       total 171008K, used 35898K [0x00000006c6200000, 0x00000006d0900000, 0x000000076cb80000)
  object space 171008K, 20% used [0x00000006c6200000,0x00000006c850ea38,0x00000006d0900000)
 Metaspace       used 20512K, capacity 20758K, committed 20992K, reserved 1067008K
  class space    used 2430K, capacity 2520K, committed 2560K, reserved 1048576K
Event: 8.755 GC heap after
Heap after GC invocations=11 (full 0):
 PSYoungGen      total 121344K, used 17254K [0x000000076cb80000, 0x0000000775e00000, 0x00000007c0000000)
  eden space 103936K, 0% used [0x000000076cb80000,0x000000076cb80000,0x0000000773100000)
  from space 17408K, 99% used [0x0000000773400000,0x00000007744d9ad8,0x0000000774500000)
  to   space 23040K, 0% used [0x0000000774780000,0x0000000774780000,0x0000000775e00000)
 ParOldGen       total 171008K, used 35930K [0x00000006c6200000, 0x00000006d0900000, 0x000000076cb80000)
  object space 171008K, 21% used [0x00000006c6200000,0x00000006c8516a38,0x00000006d0900000)
 Metaspace       used 20512K, capacity 20758K, committed 20992K, reserved 1067008K
  class space    used 2430K, capacity 2520K, committed 2560K, reserved 1048576K
}

